#
# There is insufficient memory for the Java Runtime Environment to continue.
# Native memory allocation (malloc) failed to allocate 32744 bytes for ChunkPool::allocate
# Possible reasons:
#   The system is out of physical RAM or swap space
#   The process is running with CompressedOops enabled, and the Java Heap may be blocking the growth of the native heap
# Possible solutions:
#   Reduce memory load on the system
#   Increase physical memory or swap space
#   Check if swap backing store is full
#   Decrease Java heap size (-Xmx/-Xms)
#   Decrease number of Java threads
#   Decrease Java thread stack sizes (-Xss)
#   Set larger code cache with -XX:ReservedCodeCacheSize=
#   JVM is running with Zero Based Compressed Oops mode in which the Java heap is
#     placed in the first 32GB address space. The Java Heap base address is the
#     maximum limit for the native heap growth. Please use -XX:HeapBaseMinAddress
#     to set the Java Heap base and to place the Java Heap above 32GB virtual address.
# This output file may be truncated or incomplete.
#
#  Out of Memory Error (./open/src/hotspot/share/memory/arena.cpp:79), pid=13604, tid=11680
#
# JRE version: OpenJDK Runtime Environment (15.0.1+9) (build 15.0.1+9-18)
# Java VM: OpenJDK 64-Bit Server VM (15.0.1+9-18, mixed mode, tiered, compressed oops, g1 gc, windows-amd64)
# No core dump will be written. Minidumps are not enabled by default on client versions of Windows
#

---------------  S U M M A R Y ------------

Command Line: -Dfile.encoding=Cp1252 -XX:+ShowCodeDetailsInExceptionMessages Visual.Main

Host: Intel(R) Core(TM) i7-6700 CPU @ 3.40GHz, 8 cores, 15G,  Windows 10 , 64 bit Build 19041 (10.0.19041.804)
Time: Mon Mar 22 18:26:09 2021 Hora estándar romance elapsed time: 0.611694 seconds (0d 0h 0m 0s)

---------------  T H R E A D  ---------------

Current thread (0x0000026e40cb4480):  JavaThread "C2 CompilerThread0" daemon [_thread_in_native, id=11680, stack(0x00000079fc600000,0x00000079fc700000)]


Current CompileTask:
C2:    614  636       4       java.util.HashMap::putVal (300 bytes)

Stack: [0x00000079fc600000,0x00000079fc700000]
Native frames: (J=compiled Java code, j=interpreted, Vv=VM code, C=native code)
V  [jvm.dll+0x62ae9a]
V  [jvm.dll+0x781389]
V  [jvm.dll+0x782ae3]
V  [jvm.dll+0x783143]
V  [jvm.dll+0x216265]
V  [jvm.dll+0x9828f]
V  [jvm.dll+0x9806d]
V  [jvm.dll+0x60b0e8]
V  [jvm.dll+0x6c2ac]
V  [jvm.dll+0x656441]
V  [jvm.dll+0x6540c3]
V  [jvm.dll+0x655a06]
V  [jvm.dll+0x18e3ad]
V  [jvm.dll+0x1ea762]
V  [jvm.dll+0x1e98ae]
V  [jvm.dll+0x1784c7]
V  [jvm.dll+0x1f9165]
V  [jvm.dll+0x1f720c]
V  [jvm.dll+0x74485d]
V  [jvm.dll+0x73d65a]
V  [jvm.dll+0x629c56]
C  [ucrtbase.dll+0x21bb2]
C  [KERNEL32.DLL+0x17034]
C  [ntdll.dll+0x52651]


---------------  P R O C E S S  ---------------

Threads class SMR info:
_java_thread_list=0x0000026e483fe6b0, length=16, elements={
0x0000026e40c90010, 0x0000026e40c90ac0, 0x0000026e40cb2230, 0x0000026e40cb2bf0,
0x0000026e40cb36a0, 0x0000026e40cb4480, 0x0000026e40cc8c20, 0x0000026e40cdeb00,
0x0000026e40e36340, 0x0000026e40e390d0, 0x0000026e41463af0, 0x0000026e4146ad20,
0x0000026e41466430, 0x0000026e416f7b60, 0x0000026e416f89d0, 0x0000026e416f8ea0
}

Java Threads: ( => current thread )
  0x0000026e40c90010 JavaThread "Reference Handler" daemon [_thread_blocked, id=19128, stack(0x00000079fc100000,0x00000079fc200000)]
  0x0000026e40c90ac0 JavaThread "Finalizer" daemon [_thread_blocked, id=18744, stack(0x00000079fc200000,0x00000079fc300000)]
  0x0000026e40cb2230 JavaThread "Signal Dispatcher" daemon [_thread_blocked, id=18496, stack(0x00000079fc300000,0x00000079fc400000)]
  0x0000026e40cb2bf0 JavaThread "Attach Listener" daemon [_thread_blocked, id=15372, stack(0x00000079fc400000,0x00000079fc500000)]
  0x0000026e40cb36a0 JavaThread "Service Thread" daemon [_thread_blocked, id=18388, stack(0x00000079fc500000,0x00000079fc600000)]
=>0x0000026e40cb4480 JavaThread "C2 CompilerThread0" daemon [_thread_in_native, id=11680, stack(0x00000079fc600000,0x00000079fc700000)]
  0x0000026e40cc8c20 JavaThread "C1 CompilerThread0" daemon [_thread_in_native, id=1276, stack(0x00000079fc700000,0x00000079fc800000)]
  0x0000026e40cdeb00 JavaThread "Sweeper thread" daemon [_thread_blocked, id=9660, stack(0x00000079fc800000,0x00000079fc900000)]
  0x0000026e40e36340 JavaThread "Notification Thread" daemon [_thread_blocked, id=8812, stack(0x00000079fc900000,0x00000079fca00000)]
  0x0000026e40e390d0 JavaThread "Common-Cleaner" daemon [_thread_blocked, id=9756, stack(0x00000079fcb00000,0x00000079fcc00000)]
  0x0000026e41463af0 JavaThread "Java2D Disposer" daemon [_thread_blocked, id=6664, stack(0x00000079fcc00000,0x00000079fcd00000)]
  0x0000026e4146ad20 JavaThread "AWT-Shutdown" [_thread_blocked, id=7792, stack(0x00000079fcd00000,0x00000079fce00000)]
  0x0000026e41466430 JavaThread "AWT-Windows" daemon [_thread_in_native, id=16844, stack(0x00000079fce00000,0x00000079fcf00000)]
  0x0000026e416f7b60 JavaThread "AWT-EventQueue-0" [_thread_in_Java, id=16532, stack(0x00000079fd100000,0x00000079fd200000)]
  0x0000026e416f89d0 JavaThread "TimerQueue" daemon [_thread_blocked, id=2668, stack(0x00000079fd500000,0x00000079fd600000)]
  0x0000026e416f8ea0 JavaThread "DestroyJavaVM" [_thread_blocked, id=19332, stack(0x00000079fba00000,0x00000079fbb00000)]

Other Threads:
  0x0000026e40c59e30 VMThread "VM Thread" [stack: 0x00000079fc000000,0x00000079fc100000] [id=19280]
  0x0000026e40e38c20 WatcherThread [stack: 0x00000079fca00000,0x00000079fcb00000] [id=9372]
  0x0000026e214e0950 GCTaskThread "GC Thread#0" [stack: 0x00000079fbb00000,0x00000079fbc00000] [id=14204]
  0x0000026e214f3220 ConcurrentGCThread "G1 Main Marker" [stack: 0x00000079fbc00000,0x00000079fbd00000] [id=7368]
  0x0000026e214f4e20 ConcurrentGCThread "G1 Conc#0" [stack: 0x00000079fbd00000,0x00000079fbe00000] [id=18360]
  0x0000026e2156cfe0 ConcurrentGCThread "G1 Refine#0" [stack: 0x00000079fbe00000,0x00000079fbf00000] [id=17620]
  0x0000026e2156ea90 ConcurrentGCThread "G1 Young RemSet Sampling" [stack: 0x00000079fbf00000,0x00000079fc000000] [id=2536]

Threads with active compile tasks:
C2 CompilerThread0      652  636       4       java.util.HashMap::putVal (300 bytes)
C1 CompilerThread0      652  644       3       java.lang.invoke.TypeConvertingMethodAdapter::convertType (299 bytes)

VM state: not at safepoint (normal execution)

VM Mutex/Monitor currently owned by a thread: None

Heap address: 0x0000000700a00000, size: 4086 MB, Compressed Oops mode: Zero based, Oop shift amount: 3
CDS disabled.
Compressed class space mapped at: 0x0000000800000000-0x0000000840000000, size: 1073741824
Narrow klass base: 0x0000000800000000, Narrow klass shift: 0, Narrow klass range: 0x40000000

GC Precious Log:
 CPUs: 8 total, 8 available
 Memory: 16342M
 Large Page Support: Disabled
 NUMA Support: Disabled
 Compressed Oops: Enabled (Zero based)
 Heap Region Size: 2M
 Heap Min Capacity: 8M
 Heap Initial Capacity: 256M
 Heap Max Capacity: 4086M
 Pre-touch: Disabled
 Parallel Workers: 8
 Concurrent Workers: 2
 Concurrent Refinement Workers: 8
 Periodic GC: Disabled

Heap:
 garbage-first heap   total 262144K, used 8192K [0x0000000700a00000, 0x0000000800000000)
  region size 2048K, 4 young (8192K), 0 survivors (0K)
 Metaspace       used 15210K, capacity 15466K, committed 15744K, reserved 1062912K
  class space    used 1563K, capacity 1632K, committed 1664K, reserved 1048576K

Heap Regions: E=young(eden), S=young(survivor), O=old, HS=humongous(starts), HC=humongous(continues), CS=collection set, F=free, OA=open archive, CA=closed archive, TAMS=top-at-mark-start (previous, next)
|   0|0x0000000700a00000, 0x0000000700c00000, 0x0000000700c00000|100%|HS|  |TAMS 0x0000000700a00000, 0x0000000700a00000| Complete 
|   1|0x0000000700c00000, 0x0000000700c00000, 0x0000000700e00000|  0%| F|  |TAMS 0x0000000700c00000, 0x0000000700c00000| Untracked 
|   2|0x0000000700e00000, 0x0000000700e00000, 0x0000000701000000|  0%| F|  |TAMS 0x0000000700e00000, 0x0000000700e00000| Untracked 
|   3|0x0000000701000000, 0x0000000701000000, 0x0000000701200000|  0%| F|  |TAMS 0x0000000701000000, 0x0000000701000000| Untracked 
|   4|0x0000000701200000, 0x0000000701200000, 0x0000000701400000|  0%| F|  |TAMS 0x0000000701200000, 0x0000000701200000| Untracked 
|   5|0x0000000701400000, 0x0000000701400000, 0x0000000701600000|  0%| F|  |TAMS 0x0000000701400000, 0x0000000701400000| Untracked 
|   6|0x0000000701600000, 0x0000000701600000, 0x0000000701800000|  0%| F|  |TAMS 0x0000000701600000, 0x0000000701600000| Untracked 
|   7|0x0000000701800000, 0x0000000701800000, 0x0000000701a00000|  0%| F|  |TAMS 0x0000000701800000, 0x0000000701800000| Untracked 
|   8|0x0000000701a00000, 0x0000000701a00000, 0x0000000701c00000|  0%| F|  |TAMS 0x0000000701a00000, 0x0000000701a00000| Untracked 
|   9|0x0000000701c00000, 0x0000000701c00000, 0x0000000701e00000|  0%| F|  |TAMS 0x0000000701c00000, 0x0000000701c00000| Untracked 
|  10|0x0000000701e00000, 0x0000000701e00000, 0x0000000702000000|  0%| F|  |TAMS 0x0000000701e00000, 0x0000000701e00000| Untracked 
|  11|0x0000000702000000, 0x0000000702000000, 0x0000000702200000|  0%| F|  |TAMS 0x0000000702000000, 0x0000000702000000| Untracked 
|  12|0x0000000702200000, 0x0000000702200000, 0x0000000702400000|  0%| F|  |TAMS 0x0000000702200000, 0x0000000702200000| Untracked 
|  13|0x0000000702400000, 0x0000000702400000, 0x0000000702600000|  0%| F|  |TAMS 0x0000000702400000, 0x0000000702400000| Untracked 
|  14|0x0000000702600000, 0x0000000702600000, 0x0000000702800000|  0%| F|  |TAMS 0x0000000702600000, 0x0000000702600000| Untracked 
|  15|0x0000000702800000, 0x0000000702800000, 0x0000000702a00000|  0%| F|  |TAMS 0x0000000702800000, 0x0000000702800000| Untracked 
|  16|0x0000000702a00000, 0x0000000702a00000, 0x0000000702c00000|  0%| F|  |TAMS 0x0000000702a00000, 0x0000000702a00000| Untracked 
|  17|0x0000000702c00000, 0x0000000702c00000, 0x0000000702e00000|  0%| F|  |TAMS 0x0000000702c00000, 0x0000000702c00000| Untracked 
|  18|0x0000000702e00000, 0x0000000702e00000, 0x0000000703000000|  0%| F|  |TAMS 0x0000000702e00000, 0x0000000702e00000| Untracked 
|  19|0x0000000703000000, 0x0000000703000000, 0x0000000703200000|  0%| F|  |TAMS 0x0000000703000000, 0x0000000703000000| Untracked 
|  20|0x0000000703200000, 0x0000000703200000, 0x0000000703400000|  0%| F|  |TAMS 0x0000000703200000, 0x0000000703200000| Untracked 
|  21|0x0000000703400000, 0x0000000703400000, 0x0000000703600000|  0%| F|  |TAMS 0x0000000703400000, 0x0000000703400000| Untracked 
|  22|0x0000000703600000, 0x0000000703600000, 0x0000000703800000|  0%| F|  |TAMS 0x0000000703600000, 0x0000000703600000| Untracked 
|  23|0x0000000703800000, 0x0000000703800000, 0x0000000703a00000|  0%| F|  |TAMS 0x0000000703800000, 0x0000000703800000| Untracked 
|  24|0x0000000703a00000, 0x0000000703a00000, 0x0000000703c00000|  0%| F|  |TAMS 0x0000000703a00000, 0x0000000703a00000| Untracked 
|  25|0x0000000703c00000, 0x0000000703c00000, 0x0000000703e00000|  0%| F|  |TAMS 0x0000000703c00000, 0x0000000703c00000| Untracked 
|  26|0x0000000703e00000, 0x0000000703e00000, 0x0000000704000000|  0%| F|  |TAMS 0x0000000703e00000, 0x0000000703e00000| Untracked 
|  27|0x0000000704000000, 0x0000000704000000, 0x0000000704200000|  0%| F|  |TAMS 0x0000000704000000, 0x0000000704000000| Untracked 
|  28|0x0000000704200000, 0x0000000704200000, 0x0000000704400000|  0%| F|  |TAMS 0x0000000704200000, 0x0000000704200000| Untracked 
|  29|0x0000000704400000, 0x0000000704400000, 0x0000000704600000|  0%| F|  |TAMS 0x0000000704400000, 0x0000000704400000| Untracked 
|  30|0x0000000704600000, 0x0000000704600000, 0x0000000704800000|  0%| F|  |TAMS 0x0000000704600000, 0x0000000704600000| Untracked 
|  31|0x0000000704800000, 0x0000000704800000, 0x0000000704a00000|  0%| F|  |TAMS 0x0000000704800000, 0x0000000704800000| Untracked 
|  32|0x0000000704a00000, 0x0000000704a00000, 0x0000000704c00000|  0%| F|  |TAMS 0x0000000704a00000, 0x0000000704a00000| Untracked 
|  33|0x0000000704c00000, 0x0000000704c00000, 0x0000000704e00000|  0%| F|  |TAMS 0x0000000704c00000, 0x0000000704c00000| Untracked 
|  34|0x0000000704e00000, 0x0000000704e00000, 0x0000000705000000|  0%| F|  |TAMS 0x0000000704e00000, 0x0000000704e00000| Untracked 
|  35|0x0000000705000000, 0x0000000705000000, 0x0000000705200000|  0%| F|  |TAMS 0x0000000705000000, 0x0000000705000000| Untracked 
|  36|0x0000000705200000, 0x0000000705200000, 0x0000000705400000|  0%| F|  |TAMS 0x0000000705200000, 0x0000000705200000| Untracked 
|  37|0x0000000705400000, 0x0000000705400000, 0x0000000705600000|  0%| F|  |TAMS 0x0000000705400000, 0x0000000705400000| Untracked 
|  38|0x0000000705600000, 0x0000000705600000, 0x0000000705800000|  0%| F|  |TAMS 0x0000000705600000, 0x0000000705600000| Untracked 
|  39|0x0000000705800000, 0x0000000705800000, 0x0000000705a00000|  0%| F|  |TAMS 0x0000000705800000, 0x0000000705800000| Untracked 
|  40|0x0000000705a00000, 0x0000000705a00000, 0x0000000705c00000|  0%| F|  |TAMS 0x0000000705a00000, 0x0000000705a00000| Untracked 
|  41|0x0000000705c00000, 0x0000000705c00000, 0x0000000705e00000|  0%| F|  |TAMS 0x0000000705c00000, 0x0000000705c00000| Untracked 
|  42|0x0000000705e00000, 0x0000000705e00000, 0x0000000706000000|  0%| F|  |TAMS 0x0000000705e00000, 0x0000000705e00000| Untracked 
|  43|0x0000000706000000, 0x0000000706000000, 0x0000000706200000|  0%| F|  |TAMS 0x0000000706000000, 0x0000000706000000| Untracked 
|  44|0x0000000706200000, 0x0000000706200000, 0x0000000706400000|  0%| F|  |TAMS 0x0000000706200000, 0x0000000706200000| Untracked 
|  45|0x0000000706400000, 0x0000000706400000, 0x0000000706600000|  0%| F|  |TAMS 0x0000000706400000, 0x0000000706400000| Untracked 
|  46|0x0000000706600000, 0x0000000706600000, 0x0000000706800000|  0%| F|  |TAMS 0x0000000706600000, 0x0000000706600000| Untracked 
|  47|0x0000000706800000, 0x0000000706800000, 0x0000000706a00000|  0%| F|  |TAMS 0x0000000706800000, 0x0000000706800000| Untracked 
|  48|0x0000000706a00000, 0x0000000706a00000, 0x0000000706c00000|  0%| F|  |TAMS 0x0000000706a00000, 0x0000000706a00000| Untracked 
|  49|0x0000000706c00000, 0x0000000706c00000, 0x0000000706e00000|  0%| F|  |TAMS 0x0000000706c00000, 0x0000000706c00000| Untracked 
|  50|0x0000000706e00000, 0x0000000706e00000, 0x0000000707000000|  0%| F|  |TAMS 0x0000000706e00000, 0x0000000706e00000| Untracked 
|  51|0x0000000707000000, 0x0000000707000000, 0x0000000707200000|  0%| F|  |TAMS 0x0000000707000000, 0x0000000707000000| Untracked 
|  52|0x0000000707200000, 0x0000000707200000, 0x0000000707400000|  0%| F|  |TAMS 0x0000000707200000, 0x0000000707200000| Untracked 
|  53|0x0000000707400000, 0x0000000707400000, 0x0000000707600000|  0%| F|  |TAMS 0x0000000707400000, 0x0000000707400000| Untracked 
|  54|0x0000000707600000, 0x0000000707600000, 0x0000000707800000|  0%| F|  |TAMS 0x0000000707600000, 0x0000000707600000| Untracked 
|  55|0x0000000707800000, 0x0000000707800000, 0x0000000707a00000|  0%| F|  |TAMS 0x0000000707800000, 0x0000000707800000| Untracked 
|  56|0x0000000707a00000, 0x0000000707a00000, 0x0000000707c00000|  0%| F|  |TAMS 0x0000000707a00000, 0x0000000707a00000| Untracked 
|  57|0x0000000707c00000, 0x0000000707c00000, 0x0000000707e00000|  0%| F|  |TAMS 0x0000000707c00000, 0x0000000707c00000| Untracked 
|  58|0x0000000707e00000, 0x0000000707e00000, 0x0000000708000000|  0%| F|  |TAMS 0x0000000707e00000, 0x0000000707e00000| Untracked 
|  59|0x0000000708000000, 0x0000000708000000, 0x0000000708200000|  0%| F|  |TAMS 0x0000000708000000, 0x0000000708000000| Untracked 
|  60|0x0000000708200000, 0x0000000708200000, 0x0000000708400000|  0%| F|  |TAMS 0x0000000708200000, 0x0000000708200000| Untracked 
|  61|0x0000000708400000, 0x0000000708400000, 0x0000000708600000|  0%| F|  |TAMS 0x0000000708400000, 0x0000000708400000| Untracked 
|  62|0x0000000708600000, 0x0000000708600000, 0x0000000708800000|  0%| F|  |TAMS 0x0000000708600000, 0x0000000708600000| Untracked 
|  63|0x0000000708800000, 0x0000000708800000, 0x0000000708a00000|  0%| F|  |TAMS 0x0000000708800000, 0x0000000708800000| Untracked 
|  64|0x0000000708a00000, 0x0000000708a00000, 0x0000000708c00000|  0%| F|  |TAMS 0x0000000708a00000, 0x0000000708a00000| Untracked 
|  65|0x0000000708c00000, 0x0000000708c00000, 0x0000000708e00000|  0%| F|  |TAMS 0x0000000708c00000, 0x0000000708c00000| Untracked 
|  66|0x0000000708e00000, 0x0000000708e00000, 0x0000000709000000|  0%| F|  |TAMS 0x0000000708e00000, 0x0000000708e00000| Untracked 
|  67|0x0000000709000000, 0x0000000709000000, 0x0000000709200000|  0%| F|  |TAMS 0x0000000709000000, 0x0000000709000000| Untracked 
|  68|0x0000000709200000, 0x0000000709200000, 0x0000000709400000|  0%| F|  |TAMS 0x0000000709200000, 0x0000000709200000| Untracked 
|  69|0x0000000709400000, 0x0000000709400000, 0x0000000709600000|  0%| F|  |TAMS 0x0000000709400000, 0x0000000709400000| Untracked 
|  70|0x0000000709600000, 0x0000000709600000, 0x0000000709800000|  0%| F|  |TAMS 0x0000000709600000, 0x0000000709600000| Untracked 
|  71|0x0000000709800000, 0x0000000709800000, 0x0000000709a00000|  0%| F|  |TAMS 0x0000000709800000, 0x0000000709800000| Untracked 
|  72|0x0000000709a00000, 0x0000000709a00000, 0x0000000709c00000|  0%| F|  |TAMS 0x0000000709a00000, 0x0000000709a00000| Untracked 
|  73|0x0000000709c00000, 0x0000000709c00000, 0x0000000709e00000|  0%| F|  |TAMS 0x0000000709c00000, 0x0000000709c00000| Untracked 
|  74|0x0000000709e00000, 0x0000000709e00000, 0x000000070a000000|  0%| F|  |TAMS 0x0000000709e00000, 0x0000000709e00000| Untracked 
|  75|0x000000070a000000, 0x000000070a000000, 0x000000070a200000|  0%| F|  |TAMS 0x000000070a000000, 0x000000070a000000| Untracked 
|  76|0x000000070a200000, 0x000000070a200000, 0x000000070a400000|  0%| F|  |TAMS 0x000000070a200000, 0x000000070a200000| Untracked 
|  77|0x000000070a400000, 0x000000070a400000, 0x000000070a600000|  0%| F|  |TAMS 0x000000070a400000, 0x000000070a400000| Untracked 
|  78|0x000000070a600000, 0x000000070a600000, 0x000000070a800000|  0%| F|  |TAMS 0x000000070a600000, 0x000000070a600000| Untracked 
|  79|0x000000070a800000, 0x000000070a800000, 0x000000070aa00000|  0%| F|  |TAMS 0x000000070a800000, 0x000000070a800000| Untracked 
|  80|0x000000070aa00000, 0x000000070aa00000, 0x000000070ac00000|  0%| F|  |TAMS 0x000000070aa00000, 0x000000070aa00000| Untracked 
|  81|0x000000070ac00000, 0x000000070ac00000, 0x000000070ae00000|  0%| F|  |TAMS 0x000000070ac00000, 0x000000070ac00000| Untracked 
|  82|0x000000070ae00000, 0x000000070ae00000, 0x000000070b000000|  0%| F|  |TAMS 0x000000070ae00000, 0x000000070ae00000| Untracked 
|  83|0x000000070b000000, 0x000000070b000000, 0x000000070b200000|  0%| F|  |TAMS 0x000000070b000000, 0x000000070b000000| Untracked 
|  84|0x000000070b200000, 0x000000070b200000, 0x000000070b400000|  0%| F|  |TAMS 0x000000070b200000, 0x000000070b200000| Untracked 
|  85|0x000000070b400000, 0x000000070b400000, 0x000000070b600000|  0%| F|  |TAMS 0x000000070b400000, 0x000000070b400000| Untracked 
|  86|0x000000070b600000, 0x000000070b600000, 0x000000070b800000|  0%| F|  |TAMS 0x000000070b600000, 0x000000070b600000| Untracked 
|  87|0x000000070b800000, 0x000000070b800000, 0x000000070ba00000|  0%| F|  |TAMS 0x000000070b800000, 0x000000070b800000| Untracked 
|  88|0x000000070ba00000, 0x000000070ba00000, 0x000000070bc00000|  0%| F|  |TAMS 0x000000070ba00000, 0x000000070ba00000| Untracked 
|  89|0x000000070bc00000, 0x000000070bc00000, 0x000000070be00000|  0%| F|  |TAMS 0x000000070bc00000, 0x000000070bc00000| Untracked 
|  90|0x000000070be00000, 0x000000070be00000, 0x000000070c000000|  0%| F|  |TAMS 0x000000070be00000, 0x000000070be00000| Untracked 
|  91|0x000000070c000000, 0x000000070c000000, 0x000000070c200000|  0%| F|  |TAMS 0x000000070c000000, 0x000000070c000000| Untracked 
|  92|0x000000070c200000, 0x000000070c200000, 0x000000070c400000|  0%| F|  |TAMS 0x000000070c200000, 0x000000070c200000| Untracked 
|  93|0x000000070c400000, 0x000000070c400000, 0x000000070c600000|  0%| F|  |TAMS 0x000000070c400000, 0x000000070c400000| Untracked 
|  94|0x000000070c600000, 0x000000070c600000, 0x000000070c800000|  0%| F|  |TAMS 0x000000070c600000, 0x000000070c600000| Untracked 
|  95|0x000000070c800000, 0x000000070c800000, 0x000000070ca00000|  0%| F|  |TAMS 0x000000070c800000, 0x000000070c800000| Untracked 
|  96|0x000000070ca00000, 0x000000070ca00000, 0x000000070cc00000|  0%| F|  |TAMS 0x000000070ca00000, 0x000000070ca00000| Untracked 
|  97|0x000000070cc00000, 0x000000070cc00000, 0x000000070ce00000|  0%| F|  |TAMS 0x000000070cc00000, 0x000000070cc00000| Untracked 
|  98|0x000000070ce00000, 0x000000070ce00000, 0x000000070d000000|  0%| F|  |TAMS 0x000000070ce00000, 0x000000070ce00000| Untracked 
|  99|0x000000070d000000, 0x000000070d000000, 0x000000070d200000|  0%| F|  |TAMS 0x000000070d000000, 0x000000070d000000| Untracked 
| 100|0x000000070d200000, 0x000000070d200000, 0x000000070d400000|  0%| F|  |TAMS 0x000000070d200000, 0x000000070d200000| Untracked 
| 101|0x000000070d400000, 0x000000070d400000, 0x000000070d600000|  0%| F|  |TAMS 0x000000070d400000, 0x000000070d400000| Untracked 
| 102|0x000000070d600000, 0x000000070d600000, 0x000000070d800000|  0%| F|  |TAMS 0x000000070d600000, 0x000000070d600000| Untracked 
| 103|0x000000070d800000, 0x000000070d800000, 0x000000070da00000|  0%| F|  |TAMS 0x000000070d800000, 0x000000070d800000| Untracked 
| 104|0x000000070da00000, 0x000000070da00000, 0x000000070dc00000|  0%| F|  |TAMS 0x000000070da00000, 0x000000070da00000| Untracked 
| 105|0x000000070dc00000, 0x000000070dc00000, 0x000000070de00000|  0%| F|  |TAMS 0x000000070dc00000, 0x000000070dc00000| Untracked 
| 106|0x000000070de00000, 0x000000070de00000, 0x000000070e000000|  0%| F|  |TAMS 0x000000070de00000, 0x000000070de00000| Untracked 
| 107|0x000000070e000000, 0x000000070e000000, 0x000000070e200000|  0%| F|  |TAMS 0x000000070e000000, 0x000000070e000000| Untracked 
| 108|0x000000070e200000, 0x000000070e200000, 0x000000070e400000|  0%| F|  |TAMS 0x000000070e200000, 0x000000070e200000| Untracked 
| 109|0x000000070e400000, 0x000000070e400000, 0x000000070e600000|  0%| F|  |TAMS 0x000000070e400000, 0x000000070e400000| Untracked 
| 110|0x000000070e600000, 0x000000070e600000, 0x000000070e800000|  0%| F|  |TAMS 0x000000070e600000, 0x000000070e600000| Untracked 
| 111|0x000000070e800000, 0x000000070e800000, 0x000000070ea00000|  0%| F|  |TAMS 0x000000070e800000, 0x000000070e800000| Untracked 
| 112|0x000000070ea00000, 0x000000070ea00000, 0x000000070ec00000|  0%| F|  |TAMS 0x000000070ea00000, 0x000000070ea00000| Untracked 
| 113|0x000000070ec00000, 0x000000070ec00000, 0x000000070ee00000|  0%| F|  |TAMS 0x000000070ec00000, 0x000000070ec00000| Untracked 
| 114|0x000000070ee00000, 0x000000070ee00000, 0x000000070f000000|  0%| F|  |TAMS 0x000000070ee00000, 0x000000070ee00000| Untracked 
| 115|0x000000070f000000, 0x000000070f000000, 0x000000070f200000|  0%| F|  |TAMS 0x000000070f000000, 0x000000070f000000| Untracked 
| 116|0x000000070f200000, 0x000000070f200000, 0x000000070f400000|  0%| F|  |TAMS 0x000000070f200000, 0x000000070f200000| Untracked 
| 117|0x000000070f400000, 0x000000070f400000, 0x000000070f600000|  0%| F|  |TAMS 0x000000070f400000, 0x000000070f400000| Untracked 
| 118|0x000000070f600000, 0x000000070f600000, 0x000000070f800000|  0%| F|  |TAMS 0x000000070f600000, 0x000000070f600000| Untracked 
| 119|0x000000070f800000, 0x000000070f800000, 0x000000070fa00000|  0%| F|  |TAMS 0x000000070f800000, 0x000000070f800000| Untracked 
| 120|0x000000070fa00000, 0x000000070fa00000, 0x000000070fc00000|  0%| F|  |TAMS 0x000000070fa00000, 0x000000070fa00000| Untracked 
| 121|0x000000070fc00000, 0x000000070fc00000, 0x000000070fe00000|  0%| F|  |TAMS 0x000000070fc00000, 0x000000070fc00000| Untracked 
| 122|0x000000070fe00000, 0x000000070fe00000, 0x0000000710000000|  0%| F|  |TAMS 0x000000070fe00000, 0x000000070fe00000| Untracked 
| 123|0x0000000710000000, 0x0000000710000000, 0x0000000710200000|  0%| F|  |TAMS 0x0000000710000000, 0x0000000710000000| Untracked 
| 124|0x0000000710200000, 0x00000007102787b8, 0x0000000710400000| 23%| E|  |TAMS 0x0000000710200000, 0x0000000710200000| Complete 
| 125|0x0000000710400000, 0x0000000710600000, 0x0000000710600000|100%| E|CS|TAMS 0x0000000710400000, 0x0000000710400000| Complete 
| 126|0x0000000710600000, 0x0000000710800000, 0x0000000710800000|100%| E|CS|TAMS 0x0000000710600000, 0x0000000710600000| Complete 
| 127|0x0000000710800000, 0x0000000710a00000, 0x0000000710a00000|100%| E|CS|TAMS 0x0000000710800000, 0x0000000710800000| Complete 

Card table byte_map: [0x0000026e349e0000,0x0000026e351e0000] _byte_map_base: 0x0000026e311db000

Marking Bits (Prev, Next): (CMBitMap*) 0x0000026e214e11c0, (CMBitMap*) 0x0000026e214e1200
 Prev Bits: [0x0000026e359e0000, 0x0000026e399b8000)
 Next Bits: [0x0000026e399c0000, 0x0000026e3d998000)

Polling page: 0x0000026e20c70000

Metaspace:

Usage:
  Non-class:     13.57 MB capacity,    13.39 MB ( 99%) used,   171.17 KB (  1%) free+waste,    17.00 KB ( <1%) overhead. 
      Class:      1.59 MB capacity,     1.53 MB ( 96%) used,    57.36 KB (  4%) free+waste,     6.00 KB ( <1%) overhead. 
       Both:     15.17 MB capacity,    14.92 MB ( 98%) used,   228.53 KB (  1%) free+waste,    23.00 KB ( <1%) overhead. 

Virtual space:
  Non-class space:       14.00 MB reserved,      13.75 MB ( 98%) committed 
      Class space:        1.00 GB reserved,       1.62 MB ( <1%) committed 
             Both:        1.01 GB reserved,      15.38 MB (  1%) committed 

Chunk freelists:
   Non-Class:  54.00 KB
       Class:  0 bytes
        Both:  54.00 KB

MaxMetaspaceSize: 17179869184.00 GB
CompressedClassSpaceSize: 1.00 GB

CodeHeap 'non-profiled nmethods': size=120000Kb used=178Kb max_used=178Kb free=119821Kb
 bounds [0x0000026e2c980000, 0x0000026e2cbf0000, 0x0000026e33eb0000]
CodeHeap 'profiled nmethods': size=120000Kb used=892Kb max_used=892Kb free=119107Kb
 bounds [0x0000026e25450000, 0x0000026e256c0000, 0x0000026e2c980000]
CodeHeap 'non-nmethods': size=5760Kb used=1288Kb max_used=1288Kb free=4471Kb
 bounds [0x0000026e24eb0000, 0x0000026e25120000, 0x0000026e25450000]
 total_blobs=1222 nmethods=641 adapters=494
 compilation: enabled
              stopped_count=0, restarted_count=0
 full_count=0

Compilation events (20 events):
Event: 0.601 Thread 0x0000026e40cb4480 nmethod 626 0x0000026e2c9ab990 code [0x0000026e2c9abb20, 0x0000026e2c9abd58]
Event: 0.601 Thread 0x0000026e40cb4480  636       4       java.util.HashMap::putVal (300 bytes)
Event: 0.601 Thread 0x0000026e40cc8c20 nmethod 633 0x0000026e2552c490 code [0x0000026e2552c640, 0x0000026e2552c938]
Event: 0.601 Thread 0x0000026e40cc8c20  635       3       java.util.StringTokenizer::hasMoreTokens (29 bytes)
Event: 0.601 Thread 0x0000026e40cc8c20 nmethod 635 0x0000026e2552ca90 code [0x0000026e2552cc40, 0x0000026e2552cde8]
Event: 0.601 Thread 0x0000026e40cc8c20  627       3       jdk.internal.org.objectweb.asm.Type::getTypeInternal (199 bytes)
Event: 0.602 Thread 0x0000026e40cc8c20 nmethod 627 0x0000026e2552ce90 code [0x0000026e2552d100, 0x0000026e2552dec8]
Event: 0.602 Thread 0x0000026e40cc8c20  629       1       java.lang.invoke.DirectMethodHandle::isCrackable (5 bytes)
Event: 0.602 Thread 0x0000026e40cc8c20 nmethod 629 0x0000026e2c9abf10 code [0x0000026e2c9ac0a0, 0x0000026e2c9ac158]
Event: 0.602 Thread 0x0000026e40cc8c20  630       1       jdk.internal.org.objectweb.asm.ClassReader::getMaxStringLength (5 bytes)
Event: 0.602 Thread 0x0000026e40cc8c20 nmethod 630 0x0000026e2c9ac210 code [0x0000026e2c9ac3a0, 0x0000026e2c9ac458]
Event: 0.604 Thread 0x0000026e40cc8c20  637       3       java.nio.ByteOrder::nativeOrder (4 bytes)
Event: 0.604 Thread 0x0000026e40cc8c20 nmethod 637 0x0000026e2552e310 code [0x0000026e2552e4a0, 0x0000026e2552e598]
Event: 0.604 Thread 0x0000026e40cc8c20  638       3       java.nio.MappedByteBuffer::position (6 bytes)
Event: 0.604 Thread 0x0000026e40cc8c20 nmethod 638 0x0000026e2552e610 code [0x0000026e2552e7c0, 0x0000026e2552e9c8]
Event: 0.604 Thread 0x0000026e40cc8c20  639       3       java.util.Optional::orElse (16 bytes)
Event: 0.604 Thread 0x0000026e40cc8c20 nmethod 639 0x0000026e2552eb10 code [0x0000026e2552eca0, 0x0000026e2552edf8]
Event: 0.608 Thread 0x0000026e40cc8c20  643       3       java.lang.reflect.Executable::<init> (5 bytes)
Event: 0.608 Thread 0x0000026e40cc8c20 nmethod 643 0x0000026e2552ee90 code [0x0000026e2552f040, 0x0000026e2552f1f8]
Event: 0.609 Thread 0x0000026e40cc8c20  644       3       java.lang.invoke.TypeConvertingMethodAdapter::convertType (299 bytes)

GC Heap History (0 events):
No events

Deoptimization events (4 events):
Event: 0.089 Thread 0x0000026e21490dd0 Uncommon trap: trap_request=0xffffff45 fr.pc=0x0000026e2c984038 relative=0x0000000000000218
Event: 0.089 Thread 0x0000026e21490dd0 Uncommon trap: reason=unstable_if action=reinterpret pc=0x0000026e2c984038 method=java.lang.String.hashCode()I @ 42 c2
Event: 0.089 Thread 0x0000026e21490dd0 DEOPT PACKING pc=0x0000026e2c984038 sp=0x00000079fbafd3d0
Event: 0.089 Thread 0x0000026e21490dd0 DEOPT UNPACKING pc=0x0000026e24efe42f sp=0x00000079fbafd368 mode 2

Classes unloaded (0 events):
No events

Classes redefined (0 events):
No events

Internal exceptions (12 events):
Event: 0.113 Thread 0x0000026e21490dd0 Exception <a 'java/lang/NoSuchMethodError'{0x00000007109214c8}: 'void java.lang.invoke.DirectMethodHandle$Holder.invokeSpecial(java.lang.Object, java.lang.Object, java.lang.Object)'> (0x00000007109214c8) 
thrown [./open/src/hotspot/share/interpreter/linkResolver.cpp, line 782]
Event: 0.153 Thread 0x0000026e21490dd0 Exception <a 'java/lang/ClassNotFoundException'{0x0000000710963a20}: sun/awt/resources/spi/awtProvider> (0x0000000710963a20) 
thrown [./open/src/hotspot/share/classfile/systemDictionary.cpp, line 295]
Event: 0.176 Thread 0x0000026e21490dd0 Exception <a 'java/io/FileNotFoundException'{0x00000007109bfb78}> (0x00000007109bfb78) 
thrown [./open/src/hotspot/share/prims/jni.cpp, line 578]
Event: 0.183 Thread 0x0000026e21490dd0 Exception <a 'java/io/FileNotFoundException'{0x00000007109ee6d8}> (0x00000007109ee6d8) 
thrown [./open/src/hotspot/share/prims/jni.cpp, line 578]
Event: 0.183 Thread 0x0000026e21490dd0 Exception <a 'java/lang/NoSuchMethodError'{0x00000007109efa40}: 'java.lang.Object java.lang.invoke.DirectMethodHandle$Holder.invokeStatic(java.lang.Object)'> (0x00000007109efa40) 
thrown [./open/src/hotspot/share/interpreter/linkResolver.cpp, line 782]
Event: 0.226 Thread 0x0000026e21490dd0 Exception <a 'java/lang/NoSuchMethodError'{0x000000071064bba8}: 'java.lang.Object java.lang.invoke.DirectMethodHandle$Holder.invokeStaticInit(java.lang.Object)'> (0x000000071064bba8) 
thrown [./open/src/hotspot/share/interpreter/linkResolver.cpp, line 782]
Event: 0.420 Thread 0x0000026e21490dd0 Exception <a 'java/lang/NoSuchMethodError'{0x000000071072fd08}: 'java.lang.Object java.lang.invoke.DirectMethodHandle$Holder.newInvokeSpecial(java.lang.Object, java.lang.Object, java.lang.Object, java.lang.Object, java.lang.Object)'> (0x000000071072fd08) 
thrown [./open/src/hotspot/share/interpreter/linkResolver.cpp, line 782]
Event: 0.422 Thread 0x0000026e21490dd0 Exception <a 'java/lang/NoSuchMethodError'{0x000000071073b798}: 'java.lang.Object java.lang.invoke.DirectMethodHandle$Holder.invokeStatic(java.lang.Object, int, java.lang.Object, java.lang.Object, java.lang.Object, java.lang.Object)'> (0x000000071073b798) 
thrown [./open/src/hotspot/share/interpreter/linkResolver.cpp, line 782]
Event: 0.425 Thread 0x0000026e21490dd0 Exception <a 'java/lang/NoSuchMethodError'{0x0000000710761c80}: 'java.lang.Object java.lang.invoke.DirectMethodHandle$Holder.invokeStatic(java.lang.Object, int, java.lang.Object)'> (0x0000000710761c80) 
thrown [./open/src/hotspot/share/interpreter/linkResolver.cpp, line 782]
Event: 0.443 Thread 0x0000026e21490dd0 Exception <a 'java/lang/ClassNotFoundException'{0x000000071041a730}: com/sun/swing/internal/plaf/metal/resources/spi/metalProvider> (0x000000071041a730) 
thrown [./open/src/hotspot/share/classfile/systemDictionary.cpp, line 295]
Event: 0.444 Thread 0x0000026e21490dd0 Exception <a 'java/lang/ClassNotFoundException'{0x000000071041e910}: com/sun/swing/internal/plaf/basic/resources/spi/basicProvider> (0x000000071041e910) 
thrown [./open/src/hotspot/share/classfile/systemDictionary.cpp, line 295]
Event: 0.504 Thread 0x0000026e21490dd0 Exception <a 'java/lang/NoSuchMethodError'{0x0000000710503130}: 'void java.lang.invoke.DirectMethodHandle$Holder.invokeStaticInit(java.lang.Object)'> (0x0000000710503130) 
thrown [./open/src/hotspot/share/interpreter/linkResolver.cpp, line 782]

Events (20 events):
Event: 0.607 loading class java/util/function/IntConsumer
Event: 0.607 loading class java/util/function/IntConsumer done
Event: 0.607 loading class java/util/stream/Sink$OfInt done
Event: 0.608 loading class java/util/stream/FindOps$FindSink
Event: 0.608 loading class java/util/stream/FindOps$FindSink done
Event: 0.608 loading class java/util/stream/FindOps$FindSink$OfInt done
Event: 0.608 loading class java/util/stream/FindOps$FindOp
Event: 0.608 loading class java/util/stream/FindOps$FindOp done
Event: 0.608 loading class java/util/OptionalInt
Event: 0.608 loading class java/util/OptionalInt done
Event: 0.608 loading class java/util/function/Predicate
Event: 0.608 loading class java/util/function/Predicate done
Event: 0.609 loading class java/util/stream/IntPipeline$9$1
Event: 0.609 loading class java/util/stream/Sink$ChainedInt
Event: 0.609 loading class java/util/stream/Sink$ChainedInt done
Event: 0.609 loading class java/util/stream/IntPipeline$9$1 done
Event: 0.609 loading class java/lang/StringUTF16$CharsSpliterator
Event: 0.609 loading class java/lang/StringUTF16$CharsSpliterator done
Event: 0.609 loading class java/lang/CharacterData00
Event: 0.609 loading class java/lang/CharacterData00 done


Dynamic libraries:
0x00007ff67cf30000 - 0x00007ff67cf3d000 	C:\Users\danin\.p2\pool\plugins\org.eclipse.justj.openjdk.hotspot.jre.full.win32.x86_64_15.0.1.v20201027-0507\jre\bin\javaw.exe
0x00007ffdc3890000 - 0x00007ffdc3a85000 	C:\Windows\SYSTEM32\ntdll.dll
0x00007ffdc31f0000 - 0x00007ffdc32ad000 	C:\Windows\System32\KERNEL32.DLL
0x00007ffdc1200000 - 0x00007ffdc14c9000 	C:\Windows\System32\KERNELBASE.dll
0x00007ffdc1640000 - 0x00007ffdc1740000 	C:\Windows\System32\ucrtbase.dll
0x00007ffda5900000 - 0x00007ffda5919000 	C:\Users\danin\.p2\pool\plugins\org.eclipse.justj.openjdk.hotspot.jre.full.win32.x86_64_15.0.1.v20201027-0507\jre\bin\VCRUNTIME140.dll
0x00007ffda7460000 - 0x00007ffda7478000 	C:\Users\danin\.p2\pool\plugins\org.eclipse.justj.openjdk.hotspot.jre.full.win32.x86_64_15.0.1.v20201027-0507\jre\bin\jli.dll
0x00007ffdc2e50000 - 0x00007ffdc2ff0000 	C:\Windows\System32\USER32.dll
0x00007ffdc1610000 - 0x00007ffdc1632000 	C:\Windows\System32\win32u.dll
0x00007ffdaa690000 - 0x00007ffdaa92a000 	C:\Windows\WinSxS\amd64_microsoft.windows.common-controls_6595b64144ccf1df_6.0.19041.844_none_ca00b6081b84eb1d\COMCTL32.dll
0x00007ffdc2e20000 - 0x00007ffdc2e4a000 	C:\Windows\System32\GDI32.dll
0x00007ffdc1c10000 - 0x00007ffdc1cae000 	C:\Windows\System32\msvcrt.dll
0x00007ffdc1050000 - 0x00007ffdc115b000 	C:\Windows\System32\gdi32full.dll
0x00007ffdc1160000 - 0x00007ffdc11fd000 	C:\Windows\System32\msvcp_win.dll
0x00007ffdc2df0000 - 0x00007ffdc2e20000 	C:\Windows\System32\IMM32.DLL
0x00007ffdb8100000 - 0x00007ffdb810c000 	C:\Users\danin\.p2\pool\plugins\org.eclipse.justj.openjdk.hotspot.jre.full.win32.x86_64_15.0.1.v20201027-0507\jre\bin\vcruntime140_1.dll
0x00007ffd98f60000 - 0x00007ffd98ff1000 	C:\Users\danin\.p2\pool\plugins\org.eclipse.justj.openjdk.hotspot.jre.full.win32.x86_64_15.0.1.v20201027-0507\jre\bin\msvcp140.dll
0x00007ffd84a40000 - 0x00007ffd8559e000 	C:\Users\danin\.p2\pool\plugins\org.eclipse.justj.openjdk.hotspot.jre.full.win32.x86_64_15.0.1.v20201027-0507\jre\bin\server\jvm.dll
0x00007ffdc19b0000 - 0x00007ffdc1a5c000 	C:\Windows\System32\ADVAPI32.dll
0x00007ffdc2800000 - 0x00007ffdc289c000 	C:\Windows\System32\sechost.dll
0x00007ffdc3060000 - 0x00007ffdc318b000 	C:\Windows\System32\RPCRT4.dll
0x00007ffdc1cb0000 - 0x00007ffdc1cb8000 	C:\Windows\System32\PSAPI.DLL
0x00007ffdb0d10000 - 0x00007ffdb0d19000 	C:\Windows\SYSTEM32\WSOCK32.dll
0x00007ffdbac00000 - 0x00007ffdbac0a000 	C:\Windows\SYSTEM32\VERSION.dll
0x00007ffdc2ff0000 - 0x00007ffdc305b000 	C:\Windows\System32\WS2_32.dll
0x00007ffdb7070000 - 0x00007ffdb7097000 	C:\Windows\SYSTEM32\WINMM.dll
0x00007ffdbf900000 - 0x00007ffdbf912000 	C:\Windows\SYSTEM32\kernel.appcore.dll
0x00007ffdbc7c0000 - 0x00007ffdbc7ca000 	C:\Users\danin\.p2\pool\plugins\org.eclipse.justj.openjdk.hotspot.jre.full.win32.x86_64_15.0.1.v20201027-0507\jre\bin\jimage.dll
0x00007ffdaf450000 - 0x00007ffdaf634000 	C:\Windows\SYSTEM32\DBGHELP.DLL
0x00007ffdaf420000 - 0x00007ffdaf44c000 	C:\Windows\SYSTEM32\dbgcore.DLL
0x00007ffdc0fd0000 - 0x00007ffdc1050000 	C:\Windows\System32\bcryptPrimitives.dll
0x00007ffdb8040000 - 0x00007ffdb8065000 	C:\Users\danin\.p2\pool\plugins\org.eclipse.justj.openjdk.hotspot.jre.full.win32.x86_64_15.0.1.v20201027-0507\jre\bin\java.dll
0x00007ffdb8020000 - 0x00007ffdb8038000 	C:\Users\danin\.p2\pool\plugins\org.eclipse.justj.openjdk.hotspot.jre.full.win32.x86_64_15.0.1.v20201027-0507\jre\bin\zip.dll
0x00007ffdc1f90000 - 0x00007ffdc26d2000 	C:\Windows\System32\SHELL32.dll
0x00007ffdbf130000 - 0x00007ffdbf8c0000 	C:\Windows\SYSTEM32\windows.storage.dll
0x00007ffdc3400000 - 0x00007ffdc3755000 	C:\Windows\System32\combase.dll
0x00007ffdc0a40000 - 0x00007ffdc0a6c000 	C:\Windows\SYSTEM32\Wldp.dll
0x00007ffdc1cc0000 - 0x00007ffdc1d6e000 	C:\Windows\System32\SHCORE.dll
0x00007ffdc1950000 - 0x00007ffdc19a5000 	C:\Windows\System32\shlwapi.dll
0x00007ffdc0f10000 - 0x00007ffdc0f2f000 	C:\Windows\SYSTEM32\profapi.dll
0x00007ffdb95e0000 - 0x00007ffdb95f9000 	C:\Users\danin\.p2\pool\plugins\org.eclipse.justj.openjdk.hotspot.jre.full.win32.x86_64_15.0.1.v20201027-0507\jre\bin\net.dll
0x00007ffdb9a00000 - 0x00007ffdb9b0c000 	C:\Windows\SYSTEM32\WINHTTP.dll
0x00007ffdc07c0000 - 0x00007ffdc082a000 	C:\Windows\system32\mswsock.dll
0x00007ffdb8000000 - 0x00007ffdb8012000 	C:\Users\danin\.p2\pool\plugins\org.eclipse.justj.openjdk.hotspot.jre.full.win32.x86_64_15.0.1.v20201027-0507\jre\bin\nio.dll
0x00007ffd8da20000 - 0x00007ffd8db9f000 	C:\Users\danin\.p2\pool\plugins\org.eclipse.justj.openjdk.hotspot.jre.full.win32.x86_64_15.0.1.v20201027-0507\jre\bin\awt.dll
0x00007ffdc2d20000 - 0x00007ffdc2ded000 	C:\Windows\System32\OLEAUT32.dll
0x00007ffdbe560000 - 0x00007ffdbe5f0000 	C:\Windows\SYSTEM32\apphelp.dll
0x00007ffdbea40000 - 0x00007ffdbea6f000 	C:\Windows\system32\DWMAPI.DLL
0x00007ffdbe650000 - 0x00007ffdbe6ee000 	C:\Windows\system32\uxtheme.dll
0x00007ffd89cc0000 - 0x00007ffd89de6000 	C:\Windows\system32\opengl32.dll
0x00007ffda5610000 - 0x00007ffda563c000 	C:\Windows\SYSTEM32\GLU32.dll
0x00007ffdc26e0000 - 0x00007ffdc27f5000 	C:\Windows\System32\MSCTF.dll
0x00007ffdc1d80000 - 0x00007ffdc1eaa000 	C:\Windows\System32\ole32.dll
0x00007ffdb4e30000 - 0x00007ffdb4fff000 	C:\Windows\system32\d3d9.dll
0x00007ffdb8140000 - 0x00007ffdb822f000 	C:\Windows\System32\DriverStore\FileRepository\nvmo.inf_amd64_42f980a187399e57\nvldumdx.dll
0x00007ffdc1740000 - 0x00007ffdc189f000 	C:\Windows\System32\crypt32.dll
0x00007ffdbabc0000 - 0x00007ffdbabf1000 	C:\Windows\SYSTEM32\cryptnet.dll
0x00007ffdc09b0000 - 0x00007ffdc09bc000 	C:\Windows\SYSTEM32\cryptbase.dll
0x00007ffdc15b0000 - 0x00007ffdc1610000 	C:\Windows\System32\WINTRUST.DLL
0x00007ffdc0bc0000 - 0x00007ffdc0bd2000 	C:\Windows\SYSTEM32\MSASN1.dll
0x00007ffdc3360000 - 0x00007ffdc337d000 	C:\Windows\System32\imagehlp.dll
0x00007ffdc0990000 - 0x00007ffdc09a8000 	C:\Windows\SYSTEM32\CRYPTSP.dll
0x00007ffdc00f0000 - 0x00007ffdc0124000 	C:\Windows\system32\rsaenh.dll
0x00007ffdc14d0000 - 0x00007ffdc14f7000 	C:\Windows\System32\bcrypt.dll
0x00007ffd79c20000 - 0x00007ffd7b127000 	C:\Windows\System32\DriverStore\FileRepository\nvmo.inf_amd64_42f980a187399e57\nvd3dumx.dll
0x00007ffdc0580000 - 0x00007ffdc05cb000 	C:\Windows\SYSTEM32\powrprof.dll
0x00007ffdc0440000 - 0x00007ffdc0452000 	C:\Windows\SYSTEM32\UMPDC.dll
0x00007ffdbf8d0000 - 0x00007ffdbf8f3000 	C:\Windows\SYSTEM32\gpapi.dll
0x00007ffdbb760000 - 0x00007ffdbb79b000 	C:\Windows\SYSTEM32\dxcore.dll
0x00007ffdc18a0000 - 0x00007ffdc18ee000 	C:\Windows\System32\cfgmgr32.dll
0x00007ffd98370000 - 0x00007ffd983f5000 	C:\Users\danin\.p2\pool\plugins\org.eclipse.justj.openjdk.hotspot.jre.full.win32.x86_64_15.0.1.v20201027-0507\jre\bin\freetype.dll
0x00007ffd97b80000 - 0x00007ffd97c29000 	C:\Users\danin\.p2\pool\plugins\org.eclipse.justj.openjdk.hotspot.jre.full.win32.x86_64_15.0.1.v20201027-0507\jre\bin\fontmanager.dll
0x00007ffdaf790000 - 0x00007ffdaf88b000 	C:\Windows\SYSTEM32\textinputframework.dll
0x00007ffdbdef0000 - 0x00007ffdbe24e000 	C:\Windows\System32\CoreUIComponents.dll
0x00007ffdbe250000 - 0x00007ffdbe342000 	C:\Windows\System32\CoreMessaging.dll
0x00007ffdbfd20000 - 0x00007ffdbfd53000 	C:\Windows\SYSTEM32\ntmarta.dll
0x00007ffdbd6f0000 - 0x00007ffdbd844000 	C:\Windows\SYSTEM32\wintypes.dll
0x00007ffdc32b0000 - 0x00007ffdc3359000 	C:\Windows\System32\clbcatq.dll
0x00007ffdba4d0000 - 0x00007ffdba684000 	C:\Windows\SYSTEM32\WindowsCodecs.dll
0x00007ffda7180000 - 0x00007ffda71be000 	C:\Windows\system32\dataexchange.dll
0x00007ffdbd850000 - 0x00007ffdbda37000 	C:\Windows\system32\dcomp.dll
0x00007ffdbc920000 - 0x00007ffdbcb84000 	C:\Windows\system32\d3d11.dll
0x00007ffdbf920000 - 0x00007ffdbfa13000 	C:\Windows\system32\dxgi.dll
0x00007ffdba870000 - 0x00007ffdbaa71000 	C:\Windows\system32\twinapi.appcore.dll

dbghelp: loaded successfully - version: 4.0.5 - missing functions: none
symbol engine: initialized successfully - sym options: 0x614 - pdb path: .;C:\Users\danin\.p2\pool\plugins\org.eclipse.justj.openjdk.hotspot.jre.full.win32.x86_64_15.0.1.v20201027-0507\jre\bin;C:\Windows\SYSTEM32;C:\Windows\WinSxS\amd64_microsoft.windows.common-controls_6595b64144ccf1df_6.0.19041.844_none_ca00b6081b84eb1d;C:\Users\danin\.p2\pool\plugins\org.eclipse.justj.openjdk.hotspot.jre.full.win32.x86_64_15.0.1.v20201027-0507\jre\bin\server;C:\Windows\System32\DriverStore\FileRepository\nvmo.inf_amd64_42f980a187399e57

VM Arguments:
jvm_args: -Dfile.encoding=Cp1252 -XX:+ShowCodeDetailsInExceptionMessages 
java_command: Visual.Main
java_class_path (initial): D:\work\desarrollo-de-interfaces\01_PracticaRecuDNavarro\bin;D:\work\desarrollo-de-interfaces\01_PracticaRecuDNavarro\Librerias\jgoodies-common-1.8.0.jar;D:\work\desarrollo-de-interfaces\01_PracticaRecuDNavarro\Librerias\jgoodies-common-1.8.0-sources.jar;D:\work\desarrollo-de-interfaces\01_PracticaRecuDNavarro\Librerias\jgoodies-forms-1.8.0.jar;D:\work\desarrollo-de-interfaces\01_PracticaRecuDNavarro\Librerias\jgoodies-forms-1.8.0-sources.jar;D:\work\desarrollo-de-interfaces\01_PracticaRecuDNavarro\Librerias\miglayout15-swing.jar;D:\work\desarrollo-de-interfaces\01_PracticaRecuDNavarro\Librerias\miglayout-src.zip
Launcher Type: SUN_STANDARD

[Global flags]
     intx CICompilerCount                          = 4                                         {product} {ergonomic}
     uint ConcGCThreads                            = 2                                         {product} {ergonomic}
     uint G1ConcRefinementThreads                  = 8                                         {product} {ergonomic}
   size_t G1HeapRegionSize                         = 2097152                                   {product} {ergonomic}
    uintx GCDrainStackTargetSize                   = 64                                        {product} {ergonomic}
   size_t InitialHeapSize                          = 268435456                                 {product} {ergonomic}
   size_t MarkStackSize                            = 4194304                                   {product} {ergonomic}
   size_t MaxHeapSize                              = 4284481536                                {product} {ergonomic}
   size_t MaxNewSize                               = 2569011200                                {product} {ergonomic}
   size_t MinHeapDeltaBytes                        = 2097152                                   {product} {ergonomic}
   size_t MinHeapSize                              = 8388608                                   {product} {ergonomic}
    uintx NonNMethodCodeHeapSize                   = 5839372                                {pd product} {ergonomic}
    uintx NonProfiledCodeHeapSize                  = 122909434                              {pd product} {ergonomic}
    uintx ProfiledCodeHeapSize                     = 122909434                              {pd product} {ergonomic}
    uintx ReservedCodeCacheSize                    = 251658240                              {pd product} {ergonomic}
     bool SegmentedCodeCache                       = true                                      {product} {ergonomic}
     bool ShowCodeDetailsInExceptionMessages       = true                                   {manageable} {command line}
   size_t SoftMaxHeapSize                          = 4284481536                             {manageable} {ergonomic}
     bool UseCompressedClassPointers               = true                                 {lp64_product} {ergonomic}
     bool UseCompressedOops                        = true                                 {lp64_product} {ergonomic}
     bool UseG1GC                                  = true                                      {product} {ergonomic}
     bool UseLargePagesIndividualAllocation        = false                                  {pd product} {ergonomic}

Logging:
Log output configuration:
 #0: stdout all=warning uptime,level,tags
 #1: stderr all=off uptime,level,tags

Environment Variables:
PATH=C:/Users/danin/.p2/pool/plugins/org.eclipse.justj.openjdk.hotspot.jre.full.win32.x86_64_15.0.1.v20201027-0507/jre/bin/server;C:/Users/danin/.p2/pool/plugins/org.eclipse.justj.openjdk.hotspot.jre.full.win32.x86_64_15.0.1.v20201027-0507/jre/bin;C:\Program Files (x86)\Common Files\Oracle\Java\javapath;C:\Windows\system32;C:\Windows;C:\Windows\System32\Wbem;C:\Windows\System32\WindowsPowerShell\v1.0\;C:\Windows\System32\OpenSSH\;D:\Program Files\Git\cmd;C:\Windows\system32\config\systemprofile\.dnx\bin;D:\Program Files\Microsoft DNX\Dnvm\;D:\Program Files\Microsoft SQL Server\130\Tools\Binn\;C:\Users\danin\AppData\Local\Microsoft\WindowsApps;C:\Users\danin\AppData\Local\Programs\Microsoft VS Code\bin;C:\Windows\System32;
USERNAME=Daniel Navarro
OS=Windows_NT
PROCESSOR_IDENTIFIER=Intel64 Family 6 Model 94 Stepping 3, GenuineIntel



---------------  S Y S T E M  ---------------

OS:
 Windows 10 , 64 bit Build 19041 (10.0.19041.804)
OS uptime: 6 days 23:27 hours

CPU: total 8 (initial active 8) (4 cores per cpu, 2 threads per core) family 6 model 94 stepping 3 microcode 0xd6, cmov, cx8, fxsr, mmx, sse, sse2, sse3, ssse3, sse4.1, sse4.2, popcnt, vzeroupper, avx, avx2, aes, clmul, erms, rtm, 3dnowpref, lzcnt, ht, tsc, tscinvbit, bmi1, bmi2, adx, fma, clflush, clflushopt

Memory: 4k page, system-wide physical 16342M (8189M free)
TotalPageFile size 24526M (AvailPageFile size 3M)
current process WorkingSet (physical memory assigned to process): 82M, peak: 82M
current process commit charge ("private bytes"): 371M, peak: 373M

vm_info: OpenJDK 64-Bit Server VM (15.0.1+9-18) for windows-amd64 JRE (15.0.1+9-18), built on Sep 15 2020 14:39:31 by "mach5one" with unknown MS VC++:1925

END.
